Determining if the pthread_create exist failed with the following output:
Change Dir: /afs/cern.ch/work/n/nswdaq/public/sTGC_quick_and_dirty_baselines/NSWConfiguration/CMakeFiles/CMakeTmp

Run Build Command(s):/usr/bin/gmake cmTC_f2a63/fast 
/usr/bin/gmake -f CMakeFiles/cmTC_f2a63.dir/build.make CMakeFiles/cmTC_f2a63.dir/build
gmake[1]: Entering directory `/afs/cern.ch/work/n/nswdaq/public/sTGC_quick_and_dirty_baselines/NSWConfiguration/CMakeFiles/CMakeTmp'
Building C object CMakeFiles/cmTC_f2a63.dir/CheckSymbolExists.c.o
/cvmfs/sft.cern.ch/lcg/releases/gcc/8.2.0-3fa06/x86_64-centos7/bin/gcc    -o CMakeFiles/cmTC_f2a63.dir/CheckSymbolExists.c.o   -c /afs/cern.ch/work/n/nswdaq/public/sTGC_quick_and_dirty_baselines/NSWConfiguration/CMakeFiles/CMakeTmp/CheckSymbolExists.c
Linking C executable cmTC_f2a63
/cvmfs/sft.cern.ch/lcg/contrib/CMake/3.14.2/Linux-x86_64/bin/cmake -E cmake_link_script CMakeFiles/cmTC_f2a63.dir/link.txt --verbose=1
/cvmfs/sft.cern.ch/lcg/releases/gcc/8.2.0-3fa06/x86_64-centos7/bin/gcc      CMakeFiles/cmTC_f2a63.dir/CheckSymbolExists.c.o  -o cmTC_f2a63 
CMakeFiles/cmTC_f2a63.dir/CheckSymbolExists.c.o: In function `main':
CheckSymbolExists.c:(.text+0x16): undefined reference to `pthread_create'
collect2: error: ld returned 1 exit status
gmake[1]: *** [cmTC_f2a63] Error 1
gmake[1]: Leaving directory `/afs/cern.ch/work/n/nswdaq/public/sTGC_quick_and_dirty_baselines/NSWConfiguration/CMakeFiles/CMakeTmp'
gmake: *** [cmTC_f2a63/fast] Error 2

File /afs/cern.ch/work/n/nswdaq/public/sTGC_quick_and_dirty_baselines/NSWConfiguration/CMakeFiles/CMakeTmp/CheckSymbolExists.c:
/* */
#include <pthread.h>

int main(int argc, char** argv)
{
  (void)argv;
#ifndef pthread_create
  return ((int*)(&pthread_create))[argc];
#else
  (void)argc;
  return 0;
#endif
}

Determining if the function pthread_create exists in the pthreads failed with the following output:
Change Dir: /afs/cern.ch/work/n/nswdaq/public/sTGC_quick_and_dirty_baselines/NSWConfiguration/CMakeFiles/CMakeTmp

Run Build Command(s):/usr/bin/gmake cmTC_55b16/fast 
/usr/bin/gmake -f CMakeFiles/cmTC_55b16.dir/build.make CMakeFiles/cmTC_55b16.dir/build
gmake[1]: Entering directory `/afs/cern.ch/work/n/nswdaq/public/sTGC_quick_and_dirty_baselines/NSWConfiguration/CMakeFiles/CMakeTmp'
Building C object CMakeFiles/cmTC_55b16.dir/CheckFunctionExists.c.o
/cvmfs/sft.cern.ch/lcg/releases/gcc/8.2.0-3fa06/x86_64-centos7/bin/gcc   -DCHECK_FUNCTION_EXISTS=pthread_create   -o CMakeFiles/cmTC_55b16.dir/CheckFunctionExists.c.o   -c /cvmfs/sft.cern.ch/lcg/contrib/CMake/3.14.2/Linux-x86_64/share/cmake-3.14/Modules/CheckFunctionExists.c
Linking C executable cmTC_55b16
/cvmfs/sft.cern.ch/lcg/contrib/CMake/3.14.2/Linux-x86_64/bin/cmake -E cmake_link_script CMakeFiles/cmTC_55b16.dir/link.txt --verbose=1
/cvmfs/sft.cern.ch/lcg/releases/gcc/8.2.0-3fa06/x86_64-centos7/bin/gcc  -DCHECK_FUNCTION_EXISTS=pthread_create    CMakeFiles/cmTC_55b16.dir/CheckFunctionExists.c.o  -o cmTC_55b16 -lpthreads 
/cvmfs/sft.cern.ch/lcg/releases/binutils/2.30-e5b21/x86_64-centos7/bin/ld: cannot find -lpthreads
collect2: error: ld returned 1 exit status
gmake[1]: *** [cmTC_55b16] Error 1
gmake[1]: Leaving directory `/afs/cern.ch/work/n/nswdaq/public/sTGC_quick_and_dirty_baselines/NSWConfiguration/CMakeFiles/CMakeTmp'
gmake: *** [cmTC_55b16/fast] Error 2


